<?xml version="1.0" encoding="UTF-8"?>
<!-- Generated by org.testng.reporters.JUnitXMLReporter -->
<testsuite ignored="0" hostname="DESKTOP-QAGKNHM" failures="0" tests="3" name="Default test" time="0.113" errors="0" timestamp="2022-11-02T18:59:32 IST">
  <testcase classname="sampleTest.PracticeTest" name="script1" time="0.017"/>
  <testcase classname="sampleTest.PracticeTest" name="script2" time="0.003"/>
  <testcase classname="sampleTest.PracticeTest" name="script3" time="0.003"/>
</testsuite> <!-- Default test -->
