<?xml version="1.0" encoding="UTF-8"?>
<!-- Generated by org.testng.reporters.JUnitXMLReporter -->
<testsuite ignored="0" hostname="DESKTOP-QAGKNHM" failures="0" tests="7" name="Test" time="0.178" errors="0" timestamp="2022-11-03T19:49:27 IST">
  <testcase classname="sampleTest.PracticeTest" name="script1" time="0.027"/>
  <testcase classname="sampleTest.PracticeTest" name="script2" time="0.003"/>
  <testcase classname="sampleTest.PracticeTest" name="script3" time="0.003"/>
  <testcase classname="sampleTest.PracticeTest" name="script4" time="0.004"/>
  <testcase classname="sampleTest.SampleTest" name="method1Test" time="0.003"/>
  <testcase classname="sampleTest.SampleTest" name="method2Test" time="0.003"/>
  <testcase classname="sampleTest.SampleTest" name="method3Test" time="0.003"/>
</testsuite> <!-- Test -->
