<?xml version="1.0" encoding="UTF-8"?>
<testng-results ignored="0" total="4" passed="4" failed="0" skipped="0">
  <reporter-output>
  </reporter-output>
  <suite started-at="2022-11-02T19:08:10 IST" name="Default suite" finished-at="2022-11-02T19:08:10 IST" duration-ms="101">
    <groups>
    </groups>
    <test started-at="2022-11-02T19:08:10 IST" name="Default test" finished-at="2022-11-02T19:08:10 IST" duration-ms="101">
      <class name="sampleTest.PracticeTest">
        <test-method signature="script1()[pri:0, instance:sampleTest.PracticeTest@59d016c9]" started-at="2022-11-02T19:08:10 IST" name="script1" finished-at="2022-11-02T19:08:10 IST" duration-ms="13" status="PASS">
          <reporter-output>
          </reporter-output>
        </test-method> <!-- script1 -->
        <test-method signature="script2()[pri:0, instance:sampleTest.PracticeTest@59d016c9]" started-at="2022-11-02T19:08:10 IST" name="script2" finished-at="2022-11-02T19:08:10 IST" duration-ms="2" status="PASS">
          <reporter-output>
          </reporter-output>
        </test-method> <!-- script2 -->
        <test-method signature="script3()[pri:0, instance:sampleTest.PracticeTest@59d016c9]" started-at="2022-11-02T19:08:10 IST" name="script3" finished-at="2022-11-02T19:08:10 IST" duration-ms="2" status="PASS">
          <reporter-output>
          </reporter-output>
        </test-method> <!-- script3 -->
        <test-method signature="script4()[pri:0, instance:sampleTest.PracticeTest@59d016c9]" started-at="2022-11-02T19:08:10 IST" name="script4" finished-at="2022-11-02T19:08:10 IST" duration-ms="4" status="PASS">
          <reporter-output>
          </reporter-output>
        </test-method> <!-- script4 -->
      </class> <!-- sampleTest.PracticeTest -->
    </test> <!-- Default test -->
  </suite> <!-- Default suite -->
</testng-results>
