<?xml version="1.0" encoding="UTF-8"?>
<testng-results ignored="0" total="1" passed="1" failed="0" skipped="0">
  <reporter-output>
  </reporter-output>
  <suite started-at="2022-11-03T13:56:59 IST" name="Default suite" finished-at="2022-11-03T13:56:59 IST" duration-ms="93">
    <groups>
    </groups>
    <test started-at="2022-11-03T13:56:59 IST" name="Default test" finished-at="2022-11-03T13:56:59 IST" duration-ms="93">
      <class name="sampleTest.ReadDataInRuntimeTest">
        <test-method signature="readTest()[pri:0, instance:sampleTest.ReadDataInRuntimeTest@1f3f4916]" started-at="2022-11-03T13:56:59 IST" name="readTest" finished-at="2022-11-03T13:56:59 IST" duration-ms="17" status="PASS">
          <reporter-output>
          </reporter-output>
        </test-method> <!-- readTest -->
      </class> <!-- sampleTest.ReadDataInRuntimeTest -->
    </test> <!-- Default test -->
  </suite> <!-- Default suite -->
</testng-results>
